<?xml version="1.0" encoding="UTF-8"?>
<!-- Generated by org.testng.reporters.JUnitReportReporter -->
<testsuite hostname="LAPTOP-4NFU85VS" failures="0" tests="8" name="com.practo.test.AlertTest" time="771.098" errors="0" timestamp="14 May 2021 11:14:03 GMT" skipped="0">
  <testcase classname="com.practo.test.AlertTest" name="alertMessage" time="97.232"/>
  <testcase classname="com.practo.test.AlertTest" name="alertMessage" time="40.296"/>
  <testcase classname="com.practo.test.AlertTest" name="alertMessage" time="140.704"/>
  <testcase classname="com.practo.test.AlertTest" name="alertMessage" time="95.281"/>
  <testcase classname="com.practo.test.AlertTest" name="alertMessage" time="122.424"/>
  <testcase classname="com.practo.test.AlertTest" name="alertMessage" time="57.284"/>
  <testcase classname="com.practo.test.AlertTest" name="alertMessage" time="123.607"/>
  <testcase classname="com.practo.test.AlertTest" name="alertMessage" time="94.270"/>
</testsuite> <!-- com.practo.test.AlertTest -->
