<?xml version="1.0" encoding="UTF-8"?>
<!-- Generated by org.testng.reporters.JUnitReportReporter -->
<testsuite hostname="LAPTOP-4NFU85VS" failures="0" tests="1" name="com.practo.test.TopCitiesTest" time="13.346" errors="0" timestamp="14 May 2021 11:14:03 GMT" skipped="0">
  <testcase classname="com.practo.test.TopCitiesTest" name="countCities" time="13.346"/>
</testsuite> <!-- com.practo.test.TopCitiesTest -->
